<?xml version="1.0" encoding="UTF-8"?>
<!-- Generated by org.testng.reporters.JUnitReportReporter -->
<testsuite hostname="DESKTOP-0BRG3VJ" failures="0" tests="1" name="com.selenium.basic.amazon" time="87.469" errors="0" timestamp="2021-03-10T18:11:03 IST" skipped="0">
  <testcase classname="com.selenium.basic.amazon" name="amazonFurniture" time="87.469"/>
  <system-out/>
</testsuite> <!-- com.selenium.basic.amazon -->
