<?xml version="1.0" encoding="UTF-8"?>
<!-- Generated by org.testng.reporters.JUnitReportReporter -->
<testsuite hostname="TheDreamMachine" failures="0" tests="1" name="com.hackathon.pack.Login" time="13.819" errors="0" timestamp="2021-03-31T20:38:14 IST" skipped="0">
  <testcase classname="com.hackathon.pack.Login" name="loginToYatra" time="13.819"/>
  <system-out/>
</testsuite> <!-- com.hackathon.pack.Login -->
