<?xml version="1.0" encoding="UTF-8"?>
<!-- Generated by org.testng.reporters.JUnitReportReporter -->
<testsuite hostname="DESKTOP-0BRG3VJ" failures="0" tests="1" name="com.selenium.basic.woodenstreet" time="60.469" errors="0" timestamp="2021-03-15T00:31:32 IST" skipped="0">
  <testcase classname="com.selenium.basic.woodenstreet" name="ValidateSearch" time="60.469"/>
  <system-out/>
</testsuite> <!-- com.selenium.basic.woodenstreet -->
