<?xml version="1.0" encoding="UTF-8"?>
<!-- Generated by org.testng.reporters.JUnitReportReporter -->
<testsuite hostname="TheDreamMachine" failures="0" tests="1" name="com.hackathon.pack.GiftCard" time="2.688" errors="0" timestamp="2021-03-31T20:38:14 IST" skipped="0">
  <testcase classname="com.hackathon.pack.GiftCard" name="GiftCardMakeMyTrip" time="2.688"/>
  <system-out/>
</testsuite> <!-- com.hackathon.pack.GiftCard -->
