<?xml version="1.0" encoding="UTF-8"?>
<!-- Generated by org.testng.reporters.JUnitReportReporter -->
<testsuite hostname="DESKTOP-0BRG3VJ" failures="0" tests="1" name="com.selenium.basic.Ingram_Micro" time="107.389" errors="0" timestamp="2021-03-15T10:05:27 IST" skipped="0">
  <testcase classname="com.selenium.basic.Ingram_Micro" name="ValidateSearch" time="107.389"/>
  <system-out/>
</testsuite> <!-- com.selenium.basic.Ingram_Micro -->
