<?xml version="1.0" encoding="UTF-8"?>
<!-- Generated by org.testng.reporters.JUnitReportReporter -->
<testsuite hostname="DESKTOP-0BRG3VJ" failures="0" tests="1" name="com.selenium.basic.FirstSeleniumTest" time="13.787" errors="0" timestamp="2021-03-08T19:23:00 IST" skipped="0">
  <testcase classname="com.selenium.basic.FirstSeleniumTest" name="verifyFaceBookHomePage" time="13.787"/>
  <system-out/>
</testsuite> <!-- com.selenium.basic.FirstSeleniumTest -->
